2024-05-18 17:24:37,080 - root - INFO -  ==== Using bert_cnn_bilstm_crf model ==== 
2024-05-18 17:24:37,081 - root - INFO - batch_size: 64, lr for bert: 2e-05, lr for other layer: 0.0001, epoch: 30
2024-05-18 17:24:40,059 - root - INFO - Model BertCNNBiLSTMCRF has 103254854 trainable parameters
2024-05-18 17:24:40,060 - root - INFO -  ==== Start training BertCNNBiLSTMCRF model ====
2024-05-18 17:24:52,734 - root - INFO - Epoch 1/30, Train Loss: 9.961095468621505, Val Loss: {'acc': 0.5830825116761806, 'f1': 0.17775851980586974}
2024-05-18 17:25:05,271 - root - INFO - Epoch 2/30, Train Loss: 6.7420908476177015, Val Loss: {'acc': 0.7380384016606123, 'f1': 0.32746079320746097}
2024-05-18 17:25:17,907 - root - INFO - Epoch 3/30, Train Loss: 4.583373019569798, Val Loss: {'acc': 0.7876491956408925, 'f1': 0.40999160493606723}
2024-05-18 17:25:30,380 - root - INFO - Epoch 4/30, Train Loss: 3.2325942591616985, Val Loss: {'acc': 0.8405812143227815, 'f1': 0.5977039003149427}
2024-05-18 17:25:42,932 - root - INFO - Epoch 5/30, Train Loss: 2.3742014232434725, Val Loss: {'acc': 0.868188894654904, 'f1': 0.7724773280037709}
2024-05-18 17:25:55,397 - root - INFO - Epoch 6/30, Train Loss: 1.758707116779528, Val Loss: {'acc': 0.8923715620134924, 'f1': 0.8569238881270494}
2024-05-18 17:26:07,922 - root - INFO - Epoch 7/30, Train Loss: 1.2960778537549469, Val Loss: {'acc': 0.8918526206538662, 'f1': 0.8558716380074161}
2024-05-18 17:26:19,386 - root - INFO - Epoch 8/30, Train Loss: 1.0837677704660518, Val Loss: {'acc': 0.8962117280747276, 'f1': 0.864409446280189}
2024-05-18 17:26:32,028 - root - INFO - Epoch 9/30, Train Loss: 0.9203375540281595, Val Loss: {'acc': 0.8932018681888947, 'f1': 0.8637815247918902}
2024-05-18 17:26:43,331 - root - INFO - Epoch 10/30, Train Loss: 0.7664580094186884, Val Loss: {'acc': 0.8968344577062792, 'f1': 0.8679683037175787}
2024-05-18 17:26:56,980 - root - INFO - Epoch 11/30, Train Loss: 0.6074058582908229, Val Loss: {'acc': 0.895588998443176, 'f1': 0.8678735326416679}
2024-05-18 17:27:08,257 - root - INFO - Epoch 12/30, Train Loss: 0.5408707342649761, Val Loss: {'acc': 0.9010897768552154, 'f1': 0.8715930074138384}
2024-05-18 17:27:20,832 - root - INFO - Epoch 13/30, Train Loss: 0.4657407898651926, Val Loss: {'acc': 0.8998443175921121, 'f1': 0.8750264431600828}
2024-05-18 17:27:32,294 - root - INFO - Epoch 14/30, Train Loss: 0.4337315521742169, Val Loss: {'acc': 0.900570835495589, 'f1': 0.8738490244536339}
2024-05-18 17:27:43,341 - root - INFO - Epoch 15/30, Train Loss: 0.42260713828237434, Val Loss: {'acc': 0.9012973533990659, 'f1': 0.879875652760311}
2024-05-18 17:27:55,890 - root - INFO - Epoch 16/30, Train Loss: 0.39842163387097806, Val Loss: {'acc': 0.8969382459782045, 'f1': 0.8681530031938601}
2024-05-18 17:28:07,188 - root - INFO - Epoch 17/30, Train Loss: 0.34767623637851913, Val Loss: {'acc': 0.891437467566165, 'f1': 0.8617759507557815}
2024-05-18 17:28:18,286 - root - INFO - Epoch 18/30, Train Loss: 0.27576369925549155, Val Loss: {'acc': 0.9035806953814219, 'f1': 0.8795820552771331}
2024-05-18 17:28:30,774 - root - INFO - Epoch 19/30, Train Loss: 0.25444167350467883, Val Loss: {'acc': 0.8983912817851583, 'f1': 0.8685182278599008}
2024-05-18 17:28:41,927 - root - INFO - Epoch 20/30, Train Loss: 0.234503414128956, Val Loss: {'acc': 0.8956927867151012, 'f1': 0.8715299839851264}
2024-05-18 17:28:53,038 - root - INFO - Epoch 21/30, Train Loss: 0.22336250104402244, Val Loss: {'acc': 0.9040996367410482, 'f1': 0.8821296001114216}
2024-05-18 17:29:06,223 - root - INFO - Epoch 22/30, Train Loss: 0.1919033891276309, Val Loss: {'acc': 0.9078360145303581, 'f1': 0.8809961036113336}
2024-05-18 17:29:18,733 - root - INFO - Epoch 23/30, Train Loss: 0.20648486049551712, Val Loss: {'acc': 0.9050337311883757, 'f1': 0.8798565951568983}
2024-05-18 17:29:29,818 - root - INFO - Epoch 24/30, Train Loss: 0.20643960425728244, Val Loss: {'acc': 0.9046185781006746, 'f1': 0.880524721080606}
2024-05-18 17:29:41,062 - root - INFO - Epoch 25/30, Train Loss: 0.18445414430216742, Val Loss: {'acc': 0.9048261546445252, 'f1': 0.8801006142669604}
2024-05-18 17:29:52,271 - root - INFO - Epoch 26/30, Train Loss: 0.17676517649700768, Val Loss: {'acc': 0.8977685521536066, 'f1': 0.8739839665751049}
2024-05-18 17:30:03,472 - root - INFO - Epoch 27/30, Train Loss: 0.15060145321645235, Val Loss: {'acc': 0.9023352361183187, 'f1': 0.8793831292742017}
2024-05-18 17:30:14,637 - root - INFO - Epoch 28/30, Train Loss: 0.1412186340281838, Val Loss: {'acc': 0.9024390243902439, 'f1': 0.8769194650986973}
2024-05-18 17:30:25,870 - root - INFO - Epoch 29/30, Train Loss: 0.14449813240452816, Val Loss: {'acc': 0.8990140114167099, 'f1': 0.8754127398660769}
2024-05-18 17:30:37,156 - root - INFO - Epoch 30/30, Train Loss: 0.15476811559576736, Val Loss: {'acc': 0.9027503892060197, 'f1': 0.8814078902170579}
