2024-05-18 17:25:02,802 - root - INFO -  ==== Using bert_bilstm_crf model ==== 
2024-05-18 17:25:02,802 - root - INFO - batch_size: 64, lr for bert: 2e-05, lr for other layer: 0.0001, epoch: 30
2024-05-18 17:25:07,431 - root - INFO - Model BertBiLSTMCRF has 104144710 trainable parameters
2024-05-18 17:25:07,431 - root - INFO -  ==== Start training BertBiLSTMCRF model ====
2024-05-18 17:25:36,099 - root - INFO - Epoch 1/30, Train Loss: 11.655788220857321, Val Loss: {'acc': 0.5355474831344058, 'f1': 0.0996475643315792}
2024-05-18 17:26:06,356 - root - INFO - Epoch 2/30, Train Loss: 8.957636100367496, Val Loss: {'acc': 0.5366891541255838, 'f1': 0.10206453724771991}
2024-05-18 17:26:35,879 - root - INFO - Epoch 3/30, Train Loss: 7.785505395186575, Val Loss: {'acc': 0.671613907628438, 'f1': 0.27865235539912486}
2024-05-18 17:27:05,621 - root - INFO - Epoch 4/30, Train Loss: 6.169040820473118, Val Loss: {'acc': 0.7248572911261028, 'f1': 0.31273974139306054}
2024-05-18 17:27:35,167 - root - INFO - Epoch 5/30, Train Loss: 5.130181141903526, Val Loss: {'acc': 0.7654385054488843, 'f1': 0.3403150256854846}
2024-05-18 17:28:04,630 - root - INFO - Epoch 6/30, Train Loss: 4.075191809001723, Val Loss: {'acc': 0.7765438505448884, 'f1': 0.358268223642749}
2024-05-18 17:28:34,150 - root - INFO - Epoch 7/30, Train Loss: 3.277590149327328, Val Loss: {'acc': 0.7981318111053451, 'f1': 0.41009120211929107}
2024-05-18 17:29:03,606 - root - INFO - Epoch 8/30, Train Loss: 2.6631900486193207, Val Loss: {'acc': 0.8238713025428127, 'f1': 0.4854287015806797}
2024-05-18 17:29:33,236 - root - INFO - Epoch 9/30, Train Loss: 2.1104148714165936, Val Loss: {'acc': 0.8334198235599377, 'f1': 0.5199612367980807}
2024-05-18 17:30:02,880 - root - INFO - Epoch 10/30, Train Loss: 1.7711045817324989, Val Loss: {'acc': 0.8618578100674624, 'f1': 0.6840956329880764}
2024-05-18 17:30:32,468 - root - INFO - Epoch 11/30, Train Loss: 1.426249775133635, Val Loss: {'acc': 0.8688116242864556, 'f1': 0.7683266607416959}
2024-05-18 17:31:02,081 - root - INFO - Epoch 12/30, Train Loss: 1.2907920737015572, Val Loss: {'acc': 0.8787752983912818, 'f1': 0.7965395857045984}
2024-05-18 17:31:31,731 - root - INFO - Epoch 13/30, Train Loss: 1.0940852165222168, Val Loss: {'acc': 0.8783601453035806, 'f1': 0.8023362546557438}
2024-05-18 17:31:59,917 - root - INFO - Epoch 14/30, Train Loss: 0.8996925755550987, Val Loss: {'acc': 0.8818889465490399, 'f1': 0.8147899758387979}
2024-05-18 17:32:29,542 - root - INFO - Epoch 15/30, Train Loss: 0.7587818346525493, Val Loss: {'acc': 0.8866632070576025, 'f1': 0.832886310920823}
2024-05-18 17:32:59,455 - root - INFO - Epoch 16/30, Train Loss: 0.661218776200947, Val Loss: {'acc': 0.8802283341982357, 'f1': 0.8261421839987012}
2024-05-18 17:33:27,652 - root - INFO - Epoch 17/30, Train Loss: 0.5872427237661262, Val Loss: {'acc': 0.8918526206538662, 'f1': 0.8509536390993191}
2024-05-18 17:33:57,139 - root - INFO - Epoch 18/30, Train Loss: 0.5565654428381668, Val Loss: {'acc': 0.8910223144784639, 'f1': 0.8574379294207011}
2024-05-18 17:34:25,383 - root - INFO - Epoch 19/30, Train Loss: 0.4716720681441458, Val Loss: {'acc': 0.8939283860923716, 'f1': 0.8592540483044866}
2024-05-18 17:34:56,179 - root - INFO - Epoch 20/30, Train Loss: 0.41184889642815836, Val Loss: {'acc': 0.8952776336274001, 'f1': 0.8582577797608758}
2024-05-18 17:35:25,666 - root - INFO - Epoch 21/30, Train Loss: 0.3565493771904393, Val Loss: {'acc': 0.8869745718733784, 'f1': 0.8504718197362864}
2024-05-18 17:35:53,877 - root - INFO - Epoch 22/30, Train Loss: 0.32013868846391375, Val Loss: {'acc': 0.8874935132330046, 'f1': 0.8555385726690777}
2024-05-18 17:36:22,103 - root - INFO - Epoch 23/30, Train Loss: 0.3025227000838832, Val Loss: {'acc': 0.8862480539699014, 'f1': 0.8581807303894224}
2024-05-18 17:36:50,296 - root - INFO - Epoch 24/30, Train Loss: 0.2975025145631087, Val Loss: {'acc': 0.8907109496626882, 'f1': 0.8591057393319164}
2024-05-18 17:37:18,484 - root - INFO - Epoch 25/30, Train Loss: 0.2564065079939992, Val Loss: {'acc': 0.8981837052413078, 'f1': 0.8676648049047545}
2024-05-18 17:37:48,075 - root - INFO - Epoch 26/30, Train Loss: 0.21569847056740207, Val Loss: {'acc': 0.892579138557343, 'f1': 0.8595171163208931}
2024-05-18 17:38:16,279 - root - INFO - Epoch 27/30, Train Loss: 0.2087866751771224, Val Loss: {'acc': 0.894862480539699, 'f1': 0.8645369195433038}
2024-05-18 17:38:44,538 - root - INFO - Epoch 28/30, Train Loss: 0.19515110756221574, Val Loss: {'acc': 0.8996367410482615, 'f1': 0.8647225239826465}
2024-05-18 17:39:15,567 - root - INFO - Epoch 29/30, Train Loss: 0.18093194898806117, Val Loss: {'acc': 0.8901920083030618, 'f1': 0.8514724040443522}
2024-05-18 17:39:43,803 - root - INFO - Epoch 30/30, Train Loss: 0.17310565396359096, Val Loss: {'acc': 0.8990140114167099, 'f1': 0.8675935224579702}
