2024-05-18 17:25:07,907 - root - INFO -  ==== Using cnn_bilstm_crf model ==== 
2024-05-18 17:25:07,907 - root - INFO - batch_size: 64, lr for bert: 2e-05, lr for other layer: 0.0001, epoch: 30
2024-05-18 17:25:10,309 - root - INFO - Model CNNBiLSTMCRF has 1875014 trainable parameters
2024-05-18 17:25:10,309 - root - INFO -  ==== Start training CNNBiLSTMCRF model ====
2024-05-18 17:25:14,661 - root - INFO - Epoch 1/30, Train Loss: 12.6133176301655, Val Loss: {'acc': 0.564193046185781, 'f1': 0.16940169891389684}
2024-05-18 17:25:17,504 - root - INFO - Epoch 2/30, Train Loss: 9.998492431640624, Val Loss: {'acc': 0.5573430202387131, 'f1': 0.13473262384837523}
2024-05-18 17:25:20,368 - root - INFO - Epoch 3/30, Train Loss: 8.141538318834806, Val Loss: {'acc': 0.5949143746756617, 'f1': 0.18718720779461137}
2024-05-18 17:25:23,232 - root - INFO - Epoch 4/30, Train Loss: 7.074597509283769, Val Loss: {'acc': 0.6330046704722366, 'f1': 0.23900594697446267}
2024-05-18 17:25:26,068 - root - INFO - Epoch 5/30, Train Loss: 6.449868272480211, Val Loss: {'acc': 0.657913855734302, 'f1': 0.2726243359115442}
2024-05-18 17:25:28,906 - root - INFO - Epoch 6/30, Train Loss: 5.849139062981855, Val Loss: {'acc': 0.6760768033212247, 'f1': 0.30397503323860603}
2024-05-18 17:25:31,739 - root - INFO - Epoch 7/30, Train Loss: 5.38500314009817, Val Loss: {'acc': 0.6935132330046705, 'f1': 0.3501480805741335}
2024-05-18 17:25:34,597 - root - INFO - Epoch 8/30, Train Loss: 4.888198350605211, Val Loss: {'acc': 0.7134405812143227, 'f1': 0.4153467959605176}
2024-05-18 17:25:41,544 - root - INFO - Epoch 9/30, Train Loss: 4.467371127479955, Val Loss: {'acc': 0.7189413596263622, 'f1': 0.4518900805604592}
2024-05-18 17:25:44,641 - root - INFO - Epoch 10/30, Train Loss: 4.118339418110095, Val Loss: {'acc': 0.7244421380384016, 'f1': 0.48122097925180524}
2024-05-18 17:25:47,506 - root - INFO - Epoch 11/30, Train Loss: 3.8523503755268296, Val Loss: {'acc': 0.7406331084587442, 'f1': 0.5234801663405605}
2024-05-18 17:25:50,371 - root - INFO - Epoch 12/30, Train Loss: 3.569260587190327, Val Loss: {'acc': 0.7501816294758692, 'f1': 0.5589258313528351}
2024-05-18 17:25:53,238 - root - INFO - Epoch 13/30, Train Loss: 3.3541166807475844, Val Loss: {'acc': 0.7595225739491438, 'f1': 0.5911397213910544}
2024-05-18 17:25:56,108 - root - INFO - Epoch 14/30, Train Loss: 3.1627526735004623, Val Loss: {'acc': 0.7686559418785677, 'f1': 0.6191742067570755}
2024-05-18 17:25:59,081 - root - INFO - Epoch 15/30, Train Loss: 2.984826479460064, Val Loss: {'acc': 0.7754021795537104, 'f1': 0.6465591821844034}
2024-05-18 17:26:01,994 - root - INFO - Epoch 16/30, Train Loss: 2.8210826070685138, Val Loss: {'acc': 0.7818370524130773, 'f1': 0.6732546510240437}
2024-05-18 17:26:04,857 - root - INFO - Epoch 17/30, Train Loss: 2.64239085348029, Val Loss: {'acc': 0.7880643487285937, 'f1': 0.6874456218256597}
2024-05-18 17:26:07,711 - root - INFO - Epoch 18/30, Train Loss: 2.498116332606265, Val Loss: {'acc': 0.7901401141670992, 'f1': 0.698852763309716}
2024-05-18 17:26:10,582 - root - INFO - Epoch 19/30, Train Loss: 2.4307056928935804, Val Loss: {'acc': 0.791593149974053, 'f1': 0.7028100238954981}
2024-05-18 17:26:13,387 - root - INFO - Epoch 20/30, Train Loss: 2.333916874935752, Val Loss: {'acc': 0.7869226777374156, 'f1': 0.6986202746936304}
2024-05-18 17:26:16,183 - root - INFO - Epoch 21/30, Train Loss: 2.2296271675511408, Val Loss: {'acc': 0.7832900882200311, 'f1': 0.6966203196450983}
2024-05-18 17:26:18,944 - root - INFO - Epoch 22/30, Train Loss: 2.151544922276547, Val Loss: {'acc': 0.7880643487285937, 'f1': 0.7059884671451195}
2024-05-18 17:26:25,674 - root - INFO - Epoch 23/30, Train Loss: 2.0466363103766185, Val Loss: {'acc': 0.7987545407368968, 'f1': 0.7238188619330235}
2024-05-18 17:26:28,804 - root - INFO - Epoch 24/30, Train Loss: 1.9522238380030583, Val Loss: {'acc': 0.7952257394914375, 'f1': 0.7198346570836046}
2024-05-18 17:26:31,858 - root - INFO - Epoch 25/30, Train Loss: 1.8742473301134612, Val Loss: {'acc': 0.808406850025947, 'f1': 0.7426266861671337}
2024-05-18 17:26:34,713 - root - INFO - Epoch 26/30, Train Loss: 1.8204151555111536, Val Loss: {'acc': 0.8033212247016087, 'f1': 0.733574937635578}
2024-05-18 17:26:37,586 - root - INFO - Epoch 27/30, Train Loss: 1.7535378205148795, Val Loss: {'acc': 0.7978204462895693, 'f1': 0.7305188348568468}
2024-05-18 17:26:40,431 - root - INFO - Epoch 28/30, Train Loss: 1.7014079093933105, Val Loss: {'acc': 0.7993772703684484, 'f1': 0.7309544978264936}
2024-05-18 17:26:43,294 - root - INFO - Epoch 29/30, Train Loss: 1.6563595972563092, Val Loss: {'acc': 0.8006227296315517, 'f1': 0.7330693651573477}
2024-05-18 17:26:46,118 - root - INFO - Epoch 30/30, Train Loss: 1.53753181256746, Val Loss: {'acc': 0.8050856253243384, 'f1': 0.74342265481574}
