2024-05-18 17:24:06,924 - root - INFO -  ==== Using fusion_model model ==== 
2024-05-18 17:24:06,924 - root - INFO - batch_size: 32, lr for bert: 2e-05, lr for other layer: 0.0001, epoch: 30
2024-05-18 17:24:10,564 - root - INFO - Model FusionModel has 103451718 trainable parameters
2024-05-18 17:24:10,565 - root - INFO -  ==== Start training FusionModel model ====
2024-05-18 17:24:30,786 - root - INFO - Epoch 1/30, Train Loss: 8.86811298679661, Val Loss: {'acc': 0.70669434353918, 'f1': 0.298735103216248}
2024-05-18 17:24:50,961 - root - INFO - Epoch 2/30, Train Loss: 5.007612826373126, Val Loss: {'acc': 0.8020757654385055, 'f1': 0.4213072501317143}
2024-05-18 17:25:10,696 - root - INFO - Epoch 3/30, Train Loss: 3.04727417713887, Val Loss: {'acc': 0.868188894654904, 'f1': 0.7785300028905567}
2024-05-18 17:25:29,259 - root - INFO - Epoch 4/30, Train Loss: 1.9922870378236512, Val Loss: {'acc': 0.8827192527244422, 'f1': 0.8516466534521994}
2024-05-18 17:25:48,181 - root - INFO - Epoch 5/30, Train Loss: 1.3585471797633817, Val Loss: {'acc': 0.8942397509081473, 'f1': 0.8576815828126361}
2024-05-18 17:26:07,532 - root - INFO - Epoch 6/30, Train Loss: 0.9684854597658722, Val Loss: {'acc': 0.8913336792942398, 'f1': 0.8603889213845676}
2024-05-18 17:26:25,087 - root - INFO - Epoch 7/30, Train Loss: 0.7118811517148405, Val Loss: {'acc': 0.8915412558380903, 'f1': 0.8526715188597331}
2024-05-18 17:26:42,846 - root - INFO - Epoch 8/30, Train Loss: 0.6061027546186705, Val Loss: {'acc': 0.90098598858329, 'f1': 0.8693183315228606}
2024-05-18 17:27:01,601 - root - INFO - Epoch 9/30, Train Loss: 0.48231392873300083, Val Loss: {'acc': 0.8975609756097561, 'f1': 0.8689266019136973}
2024-05-18 17:27:19,035 - root - INFO - Epoch 10/30, Train Loss: 0.38288182857874276, Val Loss: {'acc': 0.9025428126621692, 'f1': 0.8714724902195622}
2024-05-18 17:27:36,321 - root - INFO - Epoch 11/30, Train Loss: 0.3095912669156049, Val Loss: {'acc': 0.9058640373637779, 'f1': 0.8800493669340046}
2024-05-18 17:27:52,069 - root - INFO - Epoch 12/30, Train Loss: 0.2839941591829867, Val Loss: {'acc': 0.9029579657498703, 'f1': 0.8701571006124118}
2024-05-18 17:28:06,297 - root - INFO - Epoch 13/30, Train Loss: 0.2915009111971469, Val Loss: {'acc': 0.9002594706798132, 'f1': 0.8709950573755801}
2024-05-18 17:28:20,561 - root - INFO - Epoch 14/30, Train Loss: 0.24982118799879746, Val Loss: {'acc': 0.9056564608199273, 'f1': 0.8780996787382919}
2024-05-18 17:28:34,979 - root - INFO - Epoch 15/30, Train Loss: 0.19922409863085358, Val Loss: {'acc': 0.9034769071094966, 'f1': 0.8730493978433606}
2024-05-18 17:28:49,264 - root - INFO - Epoch 16/30, Train Loss: 0.17523348041482872, Val Loss: {'acc': 0.8975609756097561, 'f1': 0.8704037375409889}
2024-05-18 17:29:03,558 - root - INFO - Epoch 17/30, Train Loss: 0.19769600372056706, Val Loss: {'acc': 0.9028541774779449, 'f1': 0.8722380539475744}
2024-05-18 17:29:17,972 - root - INFO - Epoch 18/30, Train Loss: 0.2039619337868046, Val Loss: {'acc': 0.8919564089257914, 'f1': 0.8622273627219832}
2024-05-18 17:29:32,141 - root - INFO - Epoch 19/30, Train Loss: 0.23272939759331782, Val Loss: {'acc': 0.9018162947586923, 'f1': 0.8772208254381855}
2024-05-18 17:29:46,436 - root - INFO - Epoch 20/30, Train Loss: 0.15523103701101765, Val Loss: {'acc': 0.8856253243383497, 'f1': 0.8509502304352046}
2024-05-18 17:30:00,727 - root - INFO - Epoch 21/30, Train Loss: 0.1848706802806339, Val Loss: {'acc': 0.8942397509081473, 'f1': 0.8693772334854983}
2024-05-18 17:30:14,989 - root - INFO - Epoch 22/30, Train Loss: 0.25544244405385613, Val Loss: {'acc': 0.8829268292682927, 'f1': 0.8530454232215009}
2024-05-18 17:30:29,268 - root - INFO - Epoch 23/30, Train Loss: 0.17725254490568831, Val Loss: {'acc': 0.8998443175921121, 'f1': 0.8726431624727027}
2024-05-18 17:30:43,500 - root - INFO - Epoch 24/30, Train Loss: 0.1454824666719179, Val Loss: {'acc': 0.9024390243902439, 'f1': 0.8765838391601152}
2024-05-18 17:30:57,861 - root - INFO - Epoch 25/30, Train Loss: 0.10792303085327148, Val Loss: {'acc': 0.9045147898287493, 'f1': 0.8807079926741886}
2024-05-18 17:31:12,059 - root - INFO - Epoch 26/30, Train Loss: 0.08284127140367352, Val Loss: {'acc': 0.9048261546445252, 'f1': 0.880846367955906}
2024-05-18 17:31:26,334 - root - INFO - Epoch 27/30, Train Loss: 0.07951444701568501, Val Loss: {'acc': 0.9064867669953295, 'f1': 0.8837423783317861}
2024-05-18 17:31:42,027 - root - INFO - Epoch 28/30, Train Loss: 0.10317210571185964, Val Loss: {'acc': 0.8967306694343539, 'f1': 0.8650948604984737}
2024-05-18 17:31:56,431 - root - INFO - Epoch 29/30, Train Loss: 0.10741932875401265, Val Loss: {'acc': 0.9052413077322262, 'f1': 0.8805205646424843}
2024-05-18 17:32:10,879 - root - INFO - Epoch 30/30, Train Loss: 0.16326224836143285, Val Loss: {'acc': 0.900570835495589, 'f1': 0.8744560646165727}
